[0.068s] DEBUG:colcon:Command line arguments: ['/usr/bin/colcon', 'build', '--symlink-install']
[0.068s] DEBUG:colcon:Parsed command line arguments: Namespace(log_base=None, log_level=None, verb_name='build', build_base='build', install_base='install', merge_install=False, symlink_install=True, test_result_base=None, continue_on_error=False, executor='parallel', parallel_workers=8, event_handlers=None, ignore_user_meta=False, metas=['./colcon.meta'], base_paths=['.'], packages_ignore=None, packages_ignore_regex=None, paths=None, packages_up_to=None, packages_up_to_regex=None, packages_above=None, packages_above_and_dependencies=None, packages_above_depth=None, packages_select_by_dep=None, packages_skip_by_dep=None, packages_skip_up_to=None, packages_select_build_failed=False, packages_skip_build_finished=False, packages_select_test_failures=False, packages_skip_test_passed=False, packages_select=None, packages_skip=None, packages_select_regex=None, packages_skip_regex=None, packages_start=None, packages_end=None, cmake_args=None, cmake_target=None, cmake_target_skip_unavailable=False, cmake_clean_cache=False, cmake_clean_first=False, cmake_force_configure=False, ament_cmake_args=None, catkin_cmake_args=None, catkin_skip_building_tests=False, mixin_files=None, mixin=None, verb_parser=<colcon_mixin.mixin.mixin_argument.MixinArgumentDecorator object at 0x73c4a69da710>, verb_extension=<colcon_core.verb.build.BuildVerb object at 0x73c4a6b6bf70>, main=<bound method BuildVerb.main of <colcon_core.verb.build.BuildVerb object at 0x73c4a6b6bf70>>, mixin_verb=('build',))
[0.150s] Level 1:colcon.colcon_core.package_discovery:discover_packages(colcon_meta) check parameters
[0.151s] INFO:colcon.colcon_metadata.package_discovery.colcon_meta:Using configuration from '/root/.colcon/metadata/default/Gazebo.meta'
[0.151s] INFO:colcon.colcon_metadata.package_discovery.colcon_meta:Using configuration from '/root/.colcon/metadata/default/fastrtps.meta'
[0.151s] Level 1:colcon.colcon_core.package_discovery:discover_packages(recursive) check parameters
[0.151s] Level 1:colcon.colcon_core.package_discovery:discover_packages(ignore) check parameters
[0.151s] Level 1:colcon.colcon_core.package_discovery:discover_packages(path) check parameters
[0.151s] Level 1:colcon.colcon_core.package_discovery:discover_packages(colcon_meta) discover
[0.151s] Level 1:colcon.colcon_core.package_discovery:discover_packages(recursive) discover
[0.151s] INFO:colcon.colcon_core.package_discovery:Crawling recursively for packages in '/root/ROS2-Project'
[0.151s] Level 1:colcon.colcon_core.package_identification:_identify(.) by extensions ['ignore', 'ignore_ament_install']
[0.151s] Level 1:colcon.colcon_core.package_identification:_identify(.) by extension 'ignore'
[0.151s] Level 1:colcon.colcon_core.package_identification:_identify(.) by extension 'ignore_ament_install'
[0.151s] Level 1:colcon.colcon_core.package_identification:_identify(.) by extensions ['colcon_pkg']
[0.151s] Level 1:colcon.colcon_core.package_identification:_identify(.) by extension 'colcon_pkg'
[0.151s] Level 1:colcon.colcon_core.package_identification:_identify(.) by extensions ['colcon_meta']
[0.151s] Level 1:colcon.colcon_core.package_identification:_identify(.) by extension 'colcon_meta'
[0.151s] Level 1:colcon.colcon_core.package_identification:_identify(.) by extensions ['ros']
[0.151s] Level 1:colcon.colcon_core.package_identification:_identify(.) by extension 'ros'
[0.158s] Level 1:colcon.colcon_core.package_identification:_identify(.) by extensions ['cmake', 'python']
[0.158s] Level 1:colcon.colcon_core.package_identification:_identify(.) by extension 'cmake'
[0.158s] Level 1:colcon.colcon_core.package_identification:_identify(.) by extension 'python'
[0.158s] Level 1:colcon.colcon_core.package_identification:_identify(.) by extensions ['python_setup_py']
[0.158s] Level 1:colcon.colcon_core.package_identification:_identify(.) by extension 'python_setup_py'
[0.158s] Level 1:colcon.colcon_core.package_identification:_identify(build) by extensions ['ignore', 'ignore_ament_install']
[0.158s] Level 1:colcon.colcon_core.package_identification:_identify(build) by extension 'ignore'
[0.158s] Level 1:colcon.colcon_core.package_identification:_identify(build) ignored
[0.158s] Level 1:colcon.colcon_core.package_identification:_identify(install) by extensions ['ignore', 'ignore_ament_install']
[0.158s] Level 1:colcon.colcon_core.package_identification:_identify(install) by extension 'ignore'
[0.158s] Level 1:colcon.colcon_core.package_identification:_identify(install) ignored
[0.158s] Level 1:colcon.colcon_core.package_identification:_identify(log) by extensions ['ignore', 'ignore_ament_install']
[0.158s] Level 1:colcon.colcon_core.package_identification:_identify(log) by extension 'ignore'
[0.158s] Level 1:colcon.colcon_core.package_identification:_identify(log) ignored
[0.158s] Level 1:colcon.colcon_core.package_identification:_identify(src) by extensions ['ignore', 'ignore_ament_install']
[0.158s] Level 1:colcon.colcon_core.package_identification:_identify(src) by extension 'ignore'
[0.158s] Level 1:colcon.colcon_core.package_identification:_identify(src) by extension 'ignore_ament_install'
[0.158s] Level 1:colcon.colcon_core.package_identification:_identify(src) by extensions ['colcon_pkg']
[0.158s] Level 1:colcon.colcon_core.package_identification:_identify(src) by extension 'colcon_pkg'
[0.158s] Level 1:colcon.colcon_core.package_identification:_identify(src) by extensions ['colcon_meta']
[0.158s] Level 1:colcon.colcon_core.package_identification:_identify(src) by extension 'colcon_meta'
[0.158s] Level 1:colcon.colcon_core.package_identification:_identify(src) by extensions ['ros']
[0.158s] Level 1:colcon.colcon_core.package_identification:_identify(src) by extension 'ros'
[0.159s] Level 1:colcon.colcon_core.package_identification:_identify(src) by extensions ['cmake', 'python']
[0.159s] Level 1:colcon.colcon_core.package_identification:_identify(src) by extension 'cmake'
[0.159s] Level 1:colcon.colcon_core.package_identification:_identify(src) by extension 'python'
[0.159s] Level 1:colcon.colcon_core.package_identification:_identify(src) by extensions ['python_setup_py']
[0.159s] Level 1:colcon.colcon_core.package_identification:_identify(src) by extension 'python_setup_py'
[0.159s] Level 1:colcon.colcon_core.package_identification:_identify(src/ariaNode) by extensions ['ignore', 'ignore_ament_install']
[0.159s] Level 1:colcon.colcon_core.package_identification:_identify(src/ariaNode) by extension 'ignore'
[0.159s] Level 1:colcon.colcon_core.package_identification:_identify(src/ariaNode) by extension 'ignore_ament_install'
[0.159s] Level 1:colcon.colcon_core.package_identification:_identify(src/ariaNode) by extensions ['colcon_pkg']
[0.159s] Level 1:colcon.colcon_core.package_identification:_identify(src/ariaNode) by extension 'colcon_pkg'
[0.159s] Level 1:colcon.colcon_core.package_identification:_identify(src/ariaNode) by extensions ['colcon_meta']
[0.159s] Level 1:colcon.colcon_core.package_identification:_identify(src/ariaNode) by extension 'colcon_meta'
[0.159s] Level 1:colcon.colcon_core.package_identification:_identify(src/ariaNode) by extensions ['ros']
[0.159s] Level 1:colcon.colcon_core.package_identification:_identify(src/ariaNode) by extension 'ros'
[0.161s] DEBUG:colcon.colcon_core.package_identification:Package 'src/ariaNode' with type 'ros.ament_cmake' and name 'ariaNode'
[0.161s] Level 1:colcon.colcon_core.package_identification:_identify(src/autonomous_nav) by extensions ['ignore', 'ignore_ament_install']
[0.161s] Level 1:colcon.colcon_core.package_identification:_identify(src/autonomous_nav) by extension 'ignore'
[0.161s] Level 1:colcon.colcon_core.package_identification:_identify(src/autonomous_nav) by extension 'ignore_ament_install'
[0.161s] Level 1:colcon.colcon_core.package_identification:_identify(src/autonomous_nav) by extensions ['colcon_pkg']
[0.161s] Level 1:colcon.colcon_core.package_identification:_identify(src/autonomous_nav) by extension 'colcon_pkg'
[0.161s] Level 1:colcon.colcon_core.package_identification:_identify(src/autonomous_nav) by extensions ['colcon_meta']
[0.161s] Level 1:colcon.colcon_core.package_identification:_identify(src/autonomous_nav) by extension 'colcon_meta'
[0.161s] Level 1:colcon.colcon_core.package_identification:_identify(src/autonomous_nav) by extensions ['ros']
[0.161s] Level 1:colcon.colcon_core.package_identification:_identify(src/autonomous_nav) by extension 'ros'
[0.162s] DEBUG:colcon.colcon_core.package_identification:Package 'src/autonomous_nav' with type 'ros.ament_python' and name 'autonomous_nav'
[0.162s] Level 1:colcon.colcon_core.package_identification:_identify(src/robot_joy_control) by extensions ['ignore', 'ignore_ament_install']
[0.162s] Level 1:colcon.colcon_core.package_identification:_identify(src/robot_joy_control) by extension 'ignore'
[0.162s] Level 1:colcon.colcon_core.package_identification:_identify(src/robot_joy_control) by extension 'ignore_ament_install'
[0.162s] Level 1:colcon.colcon_core.package_identification:_identify(src/robot_joy_control) by extensions ['colcon_pkg']
[0.162s] Level 1:colcon.colcon_core.package_identification:_identify(src/robot_joy_control) by extension 'colcon_pkg'
[0.162s] Level 1:colcon.colcon_core.package_identification:_identify(src/robot_joy_control) by extensions ['colcon_meta']
[0.162s] Level 1:colcon.colcon_core.package_identification:_identify(src/robot_joy_control) by extension 'colcon_meta'
[0.162s] Level 1:colcon.colcon_core.package_identification:_identify(src/robot_joy_control) by extensions ['ros']
[0.162s] Level 1:colcon.colcon_core.package_identification:_identify(src/robot_joy_control) by extension 'ros'
[0.162s] DEBUG:colcon.colcon_core.package_identification:Package 'src/robot_joy_control' with type 'ros.ament_python' and name 'robot_joy_control'
[0.162s] Level 1:colcon.colcon_core.package_discovery:discover_packages(recursive) using defaults
[0.162s] Level 1:colcon.colcon_core.package_discovery:discover_packages(ignore) discover
[0.162s] Level 1:colcon.colcon_core.package_discovery:discover_packages(ignore) using defaults
[0.162s] Level 1:colcon.colcon_core.package_discovery:discover_packages(path) discover
[0.162s] Level 1:colcon.colcon_core.package_discovery:discover_packages(path) using defaults
[0.175s] Level 5:colcon.colcon_core.verb:set package 'ariaNode' build argument 'cmake_args' from command line to 'None'
[0.175s] Level 5:colcon.colcon_core.verb:set package 'ariaNode' build argument 'cmake_target' from command line to 'None'
[0.175s] Level 5:colcon.colcon_core.verb:set package 'ariaNode' build argument 'cmake_target_skip_unavailable' from command line to 'False'
[0.175s] Level 5:colcon.colcon_core.verb:set package 'ariaNode' build argument 'cmake_clean_cache' from command line to 'False'
[0.175s] Level 5:colcon.colcon_core.verb:set package 'ariaNode' build argument 'cmake_clean_first' from command line to 'False'
[0.175s] Level 5:colcon.colcon_core.verb:set package 'ariaNode' build argument 'cmake_force_configure' from command line to 'False'
[0.175s] Level 5:colcon.colcon_core.verb:set package 'ariaNode' build argument 'ament_cmake_args' from command line to 'None'
[0.175s] Level 5:colcon.colcon_core.verb:set package 'ariaNode' build argument 'catkin_cmake_args' from command line to 'None'
[0.175s] Level 5:colcon.colcon_core.verb:set package 'ariaNode' build argument 'catkin_skip_building_tests' from command line to 'False'
[0.175s] DEBUG:colcon.colcon_core.verb:Building package 'ariaNode' with the following arguments: {'ament_cmake_args': None, 'build_base': '/root/ROS2-Project/build/ariaNode', 'catkin_cmake_args': None, 'catkin_skip_building_tests': False, 'cmake_args': None, 'cmake_clean_cache': False, 'cmake_clean_first': False, 'cmake_force_configure': False, 'cmake_target': None, 'cmake_target_skip_unavailable': False, 'install_base': '/root/ROS2-Project/install/ariaNode', 'merge_install': False, 'path': '/root/ROS2-Project/src/ariaNode', 'symlink_install': True, 'test_result_base': None}
[0.175s] Level 5:colcon.colcon_core.verb:set package 'autonomous_nav' build argument 'cmake_args' from command line to 'None'
[0.175s] Level 5:colcon.colcon_core.verb:set package 'autonomous_nav' build argument 'cmake_target' from command line to 'None'
[0.175s] Level 5:colcon.colcon_core.verb:set package 'autonomous_nav' build argument 'cmake_target_skip_unavailable' from command line to 'False'
[0.175s] Level 5:colcon.colcon_core.verb:set package 'autonomous_nav' build argument 'cmake_clean_cache' from command line to 'False'
[0.175s] Level 5:colcon.colcon_core.verb:set package 'autonomous_nav' build argument 'cmake_clean_first' from command line to 'False'
[0.175s] Level 5:colcon.colcon_core.verb:set package 'autonomous_nav' build argument 'cmake_force_configure' from command line to 'False'
[0.175s] Level 5:colcon.colcon_core.verb:set package 'autonomous_nav' build argument 'ament_cmake_args' from command line to 'None'
[0.175s] Level 5:colcon.colcon_core.verb:set package 'autonomous_nav' build argument 'catkin_cmake_args' from command line to 'None'
[0.175s] Level 5:colcon.colcon_core.verb:set package 'autonomous_nav' build argument 'catkin_skip_building_tests' from command line to 'False'
[0.175s] DEBUG:colcon.colcon_core.verb:Building package 'autonomous_nav' with the following arguments: {'ament_cmake_args': None, 'build_base': '/root/ROS2-Project/build/autonomous_nav', 'catkin_cmake_args': None, 'catkin_skip_building_tests': False, 'cmake_args': None, 'cmake_clean_cache': False, 'cmake_clean_first': False, 'cmake_force_configure': False, 'cmake_target': None, 'cmake_target_skip_unavailable': False, 'install_base': '/root/ROS2-Project/install/autonomous_nav', 'merge_install': False, 'path': '/root/ROS2-Project/src/autonomous_nav', 'symlink_install': True, 'test_result_base': None}
[0.175s] Level 5:colcon.colcon_core.verb:set package 'robot_joy_control' build argument 'cmake_args' from command line to 'None'
[0.175s] Level 5:colcon.colcon_core.verb:set package 'robot_joy_control' build argument 'cmake_target' from command line to 'None'
[0.175s] Level 5:colcon.colcon_core.verb:set package 'robot_joy_control' build argument 'cmake_target_skip_unavailable' from command line to 'False'
[0.175s] Level 5:colcon.colcon_core.verb:set package 'robot_joy_control' build argument 'cmake_clean_cache' from command line to 'False'
[0.175s] Level 5:colcon.colcon_core.verb:set package 'robot_joy_control' build argument 'cmake_clean_first' from command line to 'False'
[0.176s] Level 5:colcon.colcon_core.verb:set package 'robot_joy_control' build argument 'cmake_force_configure' from command line to 'False'
[0.176s] Level 5:colcon.colcon_core.verb:set package 'robot_joy_control' build argument 'ament_cmake_args' from command line to 'None'
[0.176s] Level 5:colcon.colcon_core.verb:set package 'robot_joy_control' build argument 'catkin_cmake_args' from command line to 'None'
[0.176s] Level 5:colcon.colcon_core.verb:set package 'robot_joy_control' build argument 'catkin_skip_building_tests' from command line to 'False'
[0.176s] DEBUG:colcon.colcon_core.verb:Building package 'robot_joy_control' with the following arguments: {'ament_cmake_args': None, 'build_base': '/root/ROS2-Project/build/robot_joy_control', 'catkin_cmake_args': None, 'catkin_skip_building_tests': False, 'cmake_args': None, 'cmake_clean_cache': False, 'cmake_clean_first': False, 'cmake_force_configure': False, 'cmake_target': None, 'cmake_target_skip_unavailable': False, 'install_base': '/root/ROS2-Project/install/robot_joy_control', 'merge_install': False, 'path': '/root/ROS2-Project/src/robot_joy_control', 'symlink_install': True, 'test_result_base': None}
[0.176s] INFO:colcon.colcon_core.executor:Executing jobs using 'parallel' executor
[0.176s] DEBUG:colcon.colcon_parallel_executor.executor.parallel:run_until_complete
[0.176s] INFO:colcon.colcon_ros.task.ament_cmake.build:Building ROS package in '/root/ROS2-Project/src/ariaNode' with build type 'ament_cmake'
[0.177s] INFO:colcon.colcon_cmake.task.cmake.build:Building CMake package in '/root/ROS2-Project/src/ariaNode'
[0.178s] INFO:colcon.colcon_core.plugin_system:Skipping extension 'colcon_core.shell.bat': Not used on non-Windows systems
[0.178s] INFO:colcon.colcon_core.shell:Skip shell extension 'powershell' for command environment: Not usable outside of PowerShell
[0.178s] DEBUG:colcon.colcon_core.shell:Skip shell extension 'dsv' for command environment
[0.181s] INFO:colcon.colcon_ros.task.ament_python.build:Building ROS package in '/root/ROS2-Project/src/autonomous_nav' with build type 'ament_python'
[0.182s] Level 1:colcon.colcon_core.shell:create_environment_hook('autonomous_nav', 'ament_prefix_path')
[0.182s] INFO:colcon.colcon_core.shell:Creating environment hook '/root/ROS2-Project/install/autonomous_nav/share/autonomous_nav/hook/ament_prefix_path.ps1'
[0.182s] INFO:colcon.colcon_core.shell:Creating environment descriptor '/root/ROS2-Project/install/autonomous_nav/share/autonomous_nav/hook/ament_prefix_path.dsv'
[0.183s] INFO:colcon.colcon_core.shell:Creating environment hook '/root/ROS2-Project/install/autonomous_nav/share/autonomous_nav/hook/ament_prefix_path.sh'
[0.183s] INFO:colcon.colcon_core.shell:Skip shell extension 'powershell' for command environment: Not usable outside of PowerShell
[0.183s] DEBUG:colcon.colcon_core.shell:Skip shell extension 'dsv' for command environment
[0.185s] INFO:colcon.colcon_ros.task.ament_python.build:Building ROS package in '/root/ROS2-Project/src/robot_joy_control' with build type 'ament_python'
[0.185s] Level 1:colcon.colcon_core.shell:create_environment_hook('robot_joy_control', 'ament_prefix_path')
[0.185s] INFO:colcon.colcon_core.shell:Creating environment hook '/root/ROS2-Project/install/robot_joy_control/share/robot_joy_control/hook/ament_prefix_path.ps1'
[0.185s] INFO:colcon.colcon_core.shell:Creating environment descriptor '/root/ROS2-Project/install/robot_joy_control/share/robot_joy_control/hook/ament_prefix_path.dsv'
[0.185s] INFO:colcon.colcon_core.shell:Creating environment hook '/root/ROS2-Project/install/robot_joy_control/share/robot_joy_control/hook/ament_prefix_path.sh'
[0.186s] INFO:colcon.colcon_core.shell:Skip shell extension 'powershell' for command environment: Not usable outside of PowerShell
[0.186s] DEBUG:colcon.colcon_core.shell:Skip shell extension 'dsv' for command environment
[0.189s] DEBUG:colcon.colcon_core.event_handler.log_command:Invoking command in '/root/ROS2-Project/build/ariaNode': CMAKE_PREFIX_PATH=/opt/ros/humble /usr/bin/cmake /root/ROS2-Project/src/ariaNode -DAMENT_CMAKE_SYMLINK_INSTALL=1 -DCMAKE_INSTALL_PREFIX=/root/ROS2-Project/install/ariaNode
[0.333s] INFO:colcon.colcon_core.task.python.build:Building Python package in '/root/ROS2-Project/src/autonomous_nav'
[0.333s] INFO:colcon.colcon_core.shell:Skip shell extension 'powershell' for command environment: Not usable outside of PowerShell
[0.333s] DEBUG:colcon.colcon_core.shell:Skip shell extension 'dsv' for command environment
[0.489s] INFO:colcon.colcon_core.task.python.build:Building Python package in '/root/ROS2-Project/src/robot_joy_control'
[0.489s] INFO:colcon.colcon_core.shell:Skip shell extension 'powershell' for command environment: Not usable outside of PowerShell
[0.489s] DEBUG:colcon.colcon_core.shell:Skip shell extension 'dsv' for command environment
[0.680s] DEBUG:colcon.colcon_core.event_handler.log_command:Invoking command in '/root/ROS2-Project/build/autonomous_nav': PYTHONPATH=/root/ROS2-Project/build/autonomous_nav/prefix_override:/usr/lib/python3/dist-packages/colcon_core/task/python/colcon_distutils_commands:/root/ROS2-Project/install/autonomous_nav/lib/python3.10/site-packages:${PYTHONPATH} /usr/bin/python3 -W ignore:setup.py install is deprecated -W ignore:easy_install command is deprecated setup.py develop --editable --build-directory /root/ROS2-Project/build/autonomous_nav/build --no-deps symlink_data
[0.708s] DEBUG:colcon.colcon_core.event_handler.log_command:Invoking command in '/root/ROS2-Project/build/robot_joy_control': PYTHONPATH=/root/ROS2-Project/build/robot_joy_control/prefix_override:/usr/lib/python3/dist-packages/colcon_core/task/python/colcon_distutils_commands:/root/ROS2-Project/install/robot_joy_control/lib/python3.10/site-packages:${PYTHONPATH} /usr/bin/python3 -W ignore:setup.py install is deprecated -W ignore:easy_install command is deprecated setup.py develop --editable --build-directory /root/ROS2-Project/build/robot_joy_control/build --no-deps symlink_data
[0.942s] Level 1:colcon.colcon_core.shell:create_environment_hook('autonomous_nav', 'pythonpath_develop')
[0.943s] INFO:colcon.colcon_core.shell:Creating environment hook '/root/ROS2-Project/build/autonomous_nav/share/autonomous_nav/hook/pythonpath_develop.ps1'
[0.943s] DEBUG:colcon.colcon_core.event_handler.log_command:Invoked command in '/root/ROS2-Project/build/autonomous_nav' returned '0': PYTHONPATH=/root/ROS2-Project/build/autonomous_nav/prefix_override:/usr/lib/python3/dist-packages/colcon_core/task/python/colcon_distutils_commands:/root/ROS2-Project/install/autonomous_nav/lib/python3.10/site-packages:${PYTHONPATH} /usr/bin/python3 -W ignore:setup.py install is deprecated -W ignore:easy_install command is deprecated setup.py develop --editable --build-directory /root/ROS2-Project/build/autonomous_nav/build --no-deps symlink_data
[0.943s] INFO:colcon.colcon_core.shell:Creating environment descriptor '/root/ROS2-Project/build/autonomous_nav/share/autonomous_nav/hook/pythonpath_develop.dsv'
[0.943s] INFO:colcon.colcon_core.shell:Creating environment hook '/root/ROS2-Project/build/autonomous_nav/share/autonomous_nav/hook/pythonpath_develop.sh'
[0.945s] Level 1:colcon.colcon_core.environment:checking '/root/ROS2-Project/install/autonomous_nav' for CMake module files
[0.946s] Level 1:colcon.colcon_core.environment:checking '/root/ROS2-Project/install/autonomous_nav' for CMake config files
[0.946s] Level 1:colcon.colcon_core.environment:checking '/root/ROS2-Project/install/autonomous_nav/lib'
[0.946s] Level 1:colcon.colcon_core.environment:checking '/root/ROS2-Project/install/autonomous_nav/bin'
[0.946s] Level 1:colcon.colcon_core.environment:checking '/root/ROS2-Project/install/autonomous_nav/lib/pkgconfig/autonomous_nav.pc'
[0.946s] Level 1:colcon.colcon_core.environment:checking '/root/ROS2-Project/install/autonomous_nav/lib/python3.10/site-packages'
[0.946s] Level 1:colcon.colcon_core.shell:create_environment_hook('autonomous_nav', 'pythonpath')
[0.947s] INFO:colcon.colcon_core.shell:Creating environment hook '/root/ROS2-Project/install/autonomous_nav/share/autonomous_nav/hook/pythonpath.ps1'
[0.947s] INFO:colcon.colcon_core.shell:Creating environment descriptor '/root/ROS2-Project/install/autonomous_nav/share/autonomous_nav/hook/pythonpath.dsv'
[0.947s] INFO:colcon.colcon_core.shell:Creating environment hook '/root/ROS2-Project/install/autonomous_nav/share/autonomous_nav/hook/pythonpath.sh'
[0.947s] Level 1:colcon.colcon_core.environment:checking '/root/ROS2-Project/install/autonomous_nav/bin'
[0.947s] Level 1:colcon.colcon_core.environment:create_environment_scripts_only(autonomous_nav)
[0.948s] INFO:colcon.colcon_core.shell:Creating package script '/root/ROS2-Project/install/autonomous_nav/share/autonomous_nav/package.ps1'
[0.948s] INFO:colcon.colcon_core.shell:Creating package descriptor '/root/ROS2-Project/install/autonomous_nav/share/autonomous_nav/package.dsv'
[0.949s] INFO:colcon.colcon_core.shell:Creating package script '/root/ROS2-Project/install/autonomous_nav/share/autonomous_nav/package.sh'
[0.949s] INFO:colcon.colcon_core.shell:Creating package script '/root/ROS2-Project/install/autonomous_nav/share/autonomous_nav/package.bash'
[0.950s] INFO:colcon.colcon_core.shell:Creating package script '/root/ROS2-Project/install/autonomous_nav/share/autonomous_nav/package.zsh'
[0.950s] Level 1:colcon.colcon_core.environment:create_file_with_runtime_dependencies(/root/ROS2-Project/install/autonomous_nav/share/colcon-core/packages/autonomous_nav)
[0.957s] Level 1:colcon.colcon_core.shell:create_environment_hook('robot_joy_control', 'pythonpath_develop')
[0.957s] INFO:colcon.colcon_core.shell:Creating environment hook '/root/ROS2-Project/build/robot_joy_control/share/robot_joy_control/hook/pythonpath_develop.ps1'
[0.958s] DEBUG:colcon.colcon_core.event_handler.log_command:Invoked command in '/root/ROS2-Project/build/robot_joy_control' returned '0': PYTHONPATH=/root/ROS2-Project/build/robot_joy_control/prefix_override:/usr/lib/python3/dist-packages/colcon_core/task/python/colcon_distutils_commands:/root/ROS2-Project/install/robot_joy_control/lib/python3.10/site-packages:${PYTHONPATH} /usr/bin/python3 -W ignore:setup.py install is deprecated -W ignore:easy_install command is deprecated setup.py develop --editable --build-directory /root/ROS2-Project/build/robot_joy_control/build --no-deps symlink_data
[0.958s] INFO:colcon.colcon_core.shell:Creating environment descriptor '/root/ROS2-Project/build/robot_joy_control/share/robot_joy_control/hook/pythonpath_develop.dsv'
[0.958s] INFO:colcon.colcon_core.shell:Creating environment hook '/root/ROS2-Project/build/robot_joy_control/share/robot_joy_control/hook/pythonpath_develop.sh'
[0.959s] Level 1:colcon.colcon_core.environment:checking '/root/ROS2-Project/install/robot_joy_control' for CMake module files
[0.959s] Level 1:colcon.colcon_core.environment:checking '/root/ROS2-Project/install/robot_joy_control' for CMake config files
[0.959s] Level 1:colcon.colcon_core.environment:checking '/root/ROS2-Project/install/robot_joy_control/lib'
[0.959s] Level 1:colcon.colcon_core.environment:checking '/root/ROS2-Project/install/robot_joy_control/bin'
[0.959s] Level 1:colcon.colcon_core.environment:checking '/root/ROS2-Project/install/robot_joy_control/lib/pkgconfig/robot_joy_control.pc'
[0.959s] Level 1:colcon.colcon_core.environment:checking '/root/ROS2-Project/install/robot_joy_control/lib/python3.10/site-packages'
[0.959s] Level 1:colcon.colcon_core.shell:create_environment_hook('robot_joy_control', 'pythonpath')
[0.959s] INFO:colcon.colcon_core.shell:Creating environment hook '/root/ROS2-Project/install/robot_joy_control/share/robot_joy_control/hook/pythonpath.ps1'
[0.960s] INFO:colcon.colcon_core.shell:Creating environment descriptor '/root/ROS2-Project/install/robot_joy_control/share/robot_joy_control/hook/pythonpath.dsv'
[0.960s] INFO:colcon.colcon_core.shell:Creating environment hook '/root/ROS2-Project/install/robot_joy_control/share/robot_joy_control/hook/pythonpath.sh'
[0.960s] Level 1:colcon.colcon_core.environment:checking '/root/ROS2-Project/install/robot_joy_control/bin'
[0.960s] Level 1:colcon.colcon_core.environment:create_environment_scripts_only(robot_joy_control)
[0.961s] INFO:colcon.colcon_core.shell:Creating package script '/root/ROS2-Project/install/robot_joy_control/share/robot_joy_control/package.ps1'
[0.961s] INFO:colcon.colcon_core.shell:Creating package descriptor '/root/ROS2-Project/install/robot_joy_control/share/robot_joy_control/package.dsv'
[0.961s] INFO:colcon.colcon_core.shell:Creating package script '/root/ROS2-Project/install/robot_joy_control/share/robot_joy_control/package.sh'
[0.961s] INFO:colcon.colcon_core.shell:Creating package script '/root/ROS2-Project/install/robot_joy_control/share/robot_joy_control/package.bash'
[0.962s] INFO:colcon.colcon_core.shell:Creating package script '/root/ROS2-Project/install/robot_joy_control/share/robot_joy_control/package.zsh'
[0.962s] Level 1:colcon.colcon_core.environment:create_file_with_runtime_dependencies(/root/ROS2-Project/install/robot_joy_control/share/colcon-core/packages/robot_joy_control)
[0.987s] DEBUG:colcon.colcon_core.event_handler.log_command:Invoked command in '/root/ROS2-Project/build/ariaNode' returned '0': CMAKE_PREFIX_PATH=/opt/ros/humble /usr/bin/cmake /root/ROS2-Project/src/ariaNode -DAMENT_CMAKE_SYMLINK_INSTALL=1 -DCMAKE_INSTALL_PREFIX=/root/ROS2-Project/install/ariaNode
[0.989s] DEBUG:colcon.colcon_core.event_handler.log_command:Invoking command in '/root/ROS2-Project/build/ariaNode': CMAKE_PREFIX_PATH=/opt/ros/humble /usr/bin/cmake --build /root/ROS2-Project/build/ariaNode -- -j8 -l8
[6.552s] DEBUG:colcon.colcon_core.event_handler.log_command:Invoked command in '/root/ROS2-Project/build/ariaNode' returned '0': CMAKE_PREFIX_PATH=/opt/ros/humble /usr/bin/cmake --build /root/ROS2-Project/build/ariaNode -- -j8 -l8
[6.558s] DEBUG:colcon.colcon_core.event_handler.log_command:Invoking command in '/root/ROS2-Project/build/ariaNode': CMAKE_PREFIX_PATH=/opt/ros/humble /usr/bin/cmake --install /root/ROS2-Project/build/ariaNode
[6.647s] Level 1:colcon.colcon_core.environment:create_environment_scripts_only(ariaNode)
[6.647s] Level 1:colcon.colcon_core.environment:checking '/root/ROS2-Project/install/ariaNode' for CMake module files
[6.648s] DEBUG:colcon.colcon_core.event_handler.log_command:Invoked command in '/root/ROS2-Project/build/ariaNode' returned '0': CMAKE_PREFIX_PATH=/opt/ros/humble /usr/bin/cmake --install /root/ROS2-Project/build/ariaNode
[6.648s] Level 1:colcon.colcon_core.environment:checking '/root/ROS2-Project/install/ariaNode' for CMake config files
[6.648s] Level 1:colcon.colcon_core.shell:create_environment_hook('ariaNode', 'cmake_prefix_path')
[6.648s] INFO:colcon.colcon_core.shell:Creating environment hook '/root/ROS2-Project/install/ariaNode/share/ariaNode/hook/cmake_prefix_path.ps1'
[6.649s] INFO:colcon.colcon_core.shell:Creating environment descriptor '/root/ROS2-Project/install/ariaNode/share/ariaNode/hook/cmake_prefix_path.dsv'
[6.649s] INFO:colcon.colcon_core.shell:Creating environment hook '/root/ROS2-Project/install/ariaNode/share/ariaNode/hook/cmake_prefix_path.sh'
[6.649s] Level 1:colcon.colcon_core.environment:checking '/root/ROS2-Project/install/ariaNode/lib'
[6.650s] Level 1:colcon.colcon_core.environment:checking '/root/ROS2-Project/install/ariaNode/bin'
[6.650s] Level 1:colcon.colcon_core.environment:checking '/root/ROS2-Project/install/ariaNode/lib/pkgconfig/ariaNode.pc'
[6.650s] Level 1:colcon.colcon_core.environment:checking '/root/ROS2-Project/install/ariaNode/lib/python3.10/site-packages'
[6.650s] Level 1:colcon.colcon_core.environment:checking '/root/ROS2-Project/install/ariaNode/bin'
[6.650s] INFO:colcon.colcon_core.shell:Creating package script '/root/ROS2-Project/install/ariaNode/share/ariaNode/package.ps1'
[6.650s] INFO:colcon.colcon_core.shell:Creating package descriptor '/root/ROS2-Project/install/ariaNode/share/ariaNode/package.dsv'
[6.651s] INFO:colcon.colcon_core.shell:Creating package script '/root/ROS2-Project/install/ariaNode/share/ariaNode/package.sh'
[6.651s] INFO:colcon.colcon_core.shell:Creating package script '/root/ROS2-Project/install/ariaNode/share/ariaNode/package.bash'
[6.651s] INFO:colcon.colcon_core.shell:Creating package script '/root/ROS2-Project/install/ariaNode/share/ariaNode/package.zsh'
[6.651s] Level 1:colcon.colcon_core.environment:create_file_with_runtime_dependencies(/root/ROS2-Project/install/ariaNode/share/colcon-core/packages/ariaNode)
[6.652s] Level 1:colcon.colcon_core.environment:create_environment_scripts_only(ariaNode)
[6.652s] Level 1:colcon.colcon_core.environment:checking '/root/ROS2-Project/install/ariaNode' for CMake module files
[6.652s] Level 1:colcon.colcon_core.environment:checking '/root/ROS2-Project/install/ariaNode' for CMake config files
[6.652s] Level 1:colcon.colcon_core.shell:create_environment_hook('ariaNode', 'cmake_prefix_path')
[6.653s] INFO:colcon.colcon_core.shell:Creating environment hook '/root/ROS2-Project/install/ariaNode/share/ariaNode/hook/cmake_prefix_path.ps1'
[6.653s] INFO:colcon.colcon_core.shell:Creating environment descriptor '/root/ROS2-Project/install/ariaNode/share/ariaNode/hook/cmake_prefix_path.dsv'
[6.653s] INFO:colcon.colcon_core.shell:Creating environment hook '/root/ROS2-Project/install/ariaNode/share/ariaNode/hook/cmake_prefix_path.sh'
[6.653s] Level 1:colcon.colcon_core.environment:checking '/root/ROS2-Project/install/ariaNode/lib'
[6.653s] Level 1:colcon.colcon_core.environment:checking '/root/ROS2-Project/install/ariaNode/bin'
[6.653s] Level 1:colcon.colcon_core.environment:checking '/root/ROS2-Project/install/ariaNode/lib/pkgconfig/ariaNode.pc'
[6.654s] Level 1:colcon.colcon_core.environment:checking '/root/ROS2-Project/install/ariaNode/lib/python3.10/site-packages'
[6.654s] Level 1:colcon.colcon_core.environment:checking '/root/ROS2-Project/install/ariaNode/bin'
[6.654s] INFO:colcon.colcon_core.shell:Creating package script '/root/ROS2-Project/install/ariaNode/share/ariaNode/package.ps1'
[6.654s] INFO:colcon.colcon_core.shell:Creating package descriptor '/root/ROS2-Project/install/ariaNode/share/ariaNode/package.dsv'
[6.654s] INFO:colcon.colcon_core.shell:Creating package script '/root/ROS2-Project/install/ariaNode/share/ariaNode/package.sh'
[6.655s] INFO:colcon.colcon_core.shell:Creating package script '/root/ROS2-Project/install/ariaNode/share/ariaNode/package.bash'
[6.655s] INFO:colcon.colcon_core.shell:Creating package script '/root/ROS2-Project/install/ariaNode/share/ariaNode/package.zsh'
[6.655s] Level 1:colcon.colcon_core.environment:create_file_with_runtime_dependencies(/root/ROS2-Project/install/ariaNode/share/colcon-core/packages/ariaNode)
[6.655s] DEBUG:colcon.colcon_parallel_executor.executor.parallel:closing loop
[6.655s] DEBUG:colcon.colcon_parallel_executor.executor.parallel:loop closed
[6.656s] DEBUG:colcon.colcon_parallel_executor.executor.parallel:run_until_complete finished with '0'
[6.656s] DEBUG:colcon.colcon_core.event_reactor:joining thread
[6.660s] INFO:colcon.colcon_core.plugin_system:Skipping extension 'colcon_notification.desktop_notification.notify_send': Could not find 'notify-send'
[6.660s] INFO:colcon.colcon_core.plugin_system:Skipping extension 'colcon_notification.desktop_notification.terminal_notifier': Not used on non-Darwin systems
[6.660s] INFO:colcon.colcon_core.plugin_system:Skipping extension 'colcon_notification.desktop_notification.win32': Not used on non-Windows systems
[6.660s] INFO:colcon.colcon_notification.desktop_notification:Sending desktop notification using 'notify2'
[6.660s] DEBUG:colcon.colcon_notification.desktop_notification.notify2:Failed to initialize notify2: org.freedesktop.DBus.Error.NotSupported: Unable to autolaunch a dbus-daemon without a $DISPLAY for X11
[6.660s] DEBUG:colcon.colcon_core.event_reactor:joined thread
[6.660s] INFO:colcon.colcon_core.shell:Creating prefix script '/root/ROS2-Project/install/local_setup.ps1'
[6.661s] INFO:colcon.colcon_core.shell:Creating prefix util module '/root/ROS2-Project/install/_local_setup_util_ps1.py'
[6.669s] INFO:colcon.colcon_core.shell:Creating prefix chain script '/root/ROS2-Project/install/setup.ps1'
[6.669s] INFO:colcon.colcon_core.shell:Creating prefix script '/root/ROS2-Project/install/local_setup.sh'
[6.670s] INFO:colcon.colcon_core.shell:Creating prefix util module '/root/ROS2-Project/install/_local_setup_util_sh.py'
[6.670s] INFO:colcon.colcon_core.shell:Creating prefix chain script '/root/ROS2-Project/install/setup.sh'
[6.671s] INFO:colcon.colcon_core.shell:Creating prefix script '/root/ROS2-Project/install/local_setup.bash'
[6.671s] INFO:colcon.colcon_core.shell:Creating prefix chain script '/root/ROS2-Project/install/setup.bash'
[6.671s] INFO:colcon.colcon_core.shell:Creating prefix script '/root/ROS2-Project/install/local_setup.zsh'
[6.672s] INFO:colcon.colcon_core.shell:Creating prefix chain script '/root/ROS2-Project/install/setup.zsh'
